<?xml version="1.0" encoding="UTF-8"?>
<!-- Generated by org.testng.reporters.JUnitReportReporter -->
<testsuite skipped="1" hostname="DESKTOP-H52ER5F" name="mentors.demosite" tests="3" failures="0" timestamp="2022-03-04T14:15:15 IST" time="32.786" errors="0">
  <testcase name="login" time="26.220" classname="mentors.demosite"/>
  <system-out/>
  <testcase name="logout" time="6.566" classname="mentors.demosite"/>
  <system-out/>
  <testcase name="signup" classname="mentors.demosite">
    <skipped/>
  </testcase> <!-- signup -->
  <system-out/>
</testsuite> <!-- mentors.demosite -->
